<?xml version="1.0" encoding="UTF-8" ?>
<testsuite tests="1" failures="1" name="TestSuite" time="2.109" errors="0" skipped="0">
  <properties>
[...]
</properties>
  <testcase classname="com.automation.testCases.ManagerLoginTest" name="bankManagerLogin" time="2.109">
    <failure message="Cannot find elements when the XPath is null." type="java.lang.IllegalArgumentException">java.lang.IllegalArgumentException: Cannot find elements when the XPath is null.
	at org.openqa.selenium.By$ByXPath.&lt;init&gt;(By.java:339)
	at org.openqa.selenium.By.xpath(By.java:92)
	at com.automation.testCases.ManagerLoginTest.bankManagerLogin(ManagerLoginTest.java:17)
</failure>
    <system-out>Configuring TestNG with: org.apache.maven.surefire.testng.conf.TestNG652Configurator@6504e3b2
</system-out>
    <system-err>log4j:WARN No appenders could be found for logger (devpinoyLogger).
log4j:WARN Please initialize the log4j system properly.
log4j:WARN See http://logging.apache.org/log4j/1.2/faq.html#noconfig for more info.
Starting ChromeDriver 2.39.562718 (9a2698cba08cf5a471a29d30c8b3e12becabb0e9) on port 6779
Only local connections are allowed.
[1573415899.217][WARNING]: Timed out connecting to Chrome, retrying...
Nov 11, 2019 1:28:21 AM org.openqa.selenium.remote.ProtocolHandshake createSession
INFO: Detected dialect: OSS
[1573415906.583][WARNING]: Timed out connecting to Chrome, retrying...
</system-err>
  </testcase>
</testsuite>